2023-12-16 18:06:43 Loading main app package /tmp/.mount_ObsiditLuUJ1/resources/obsidian.asar
2023-12-16 18:06:43 Checking for update using Github
2023-12-16 18:06:44 Success.
2023-12-16 18:06:44 Latest version is 1.4.16
2023-12-16 18:06:44 App is up to date.
2023-12-16 22:18:46 Loading main app package /tmp/.mount_ObsidibQTxg8/resources/obsidian.asar
2023-12-16 22:18:47 Checking for update using Github
2023-12-16 22:18:47 Success.
2023-12-16 22:18:47 Latest version is 1.4.16
2023-12-16 22:18:47 App is up to date.
2023-12-16 22:20:43 Loading main app package /tmp/.mount_ObsidiHDbmHr/resources/obsidian.asar
2023-12-16 22:20:44 Checking for update using Github
2023-12-16 22:20:44 Success.
2023-12-16 22:20:44 Latest version is 1.4.16
2023-12-16 22:20:44 App is up to date.
2023-12-17 01:23:02 Loading main app package /tmp/.mount_ObsidiV2ttMe/resources/obsidian.asar
2023-12-17 01:23:03 Checking for update using Github
2023-12-17 01:23:04 Success.
2023-12-17 01:23:04 Latest version is 1.4.16
2023-12-17 01:23:04 App is up to date.
2023-12-17 02:23:02 Checking for update using Github
2023-12-17 02:23:02 Success.
2023-12-17 02:23:02 Latest version is 1.4.16
2023-12-17 02:23:02 App is up to date.
2023-12-17 12:43:15 Loading main app package /tmp/.mount_ObsidilCx3ag/resources/obsidian.asar
2023-12-17 12:43:16 Checking for update using Github
2023-12-17 12:43:17 Success.
2023-12-17 12:43:17 Latest version is 1.4.16
2023-12-17 12:43:17 App is up to date.
2023-12-17 13:38:31 Loading main app package /tmp/.mount_ObsidiQ11HjN/resources/obsidian.asar
2023-12-17 13:38:31 Checking for update using Github
2023-12-17 13:38:32 Success.
2023-12-17 13:38:32 Latest version is 1.4.16
2023-12-17 13:38:32 App is up to date.
2023-12-17 18:34:24 Loading main app package /tmp/.mount_ObsidijlbiwY/resources/obsidian.asar
2023-12-17 18:34:25 Checking for update using Github
2023-12-17 18:34:25 Success.
2023-12-17 18:34:25 Latest version is 1.4.16
2023-12-17 18:34:25 App is up to date.
2023-12-18 21:26:49 Loading main app package /tmp/.mount_ObsidiBUNyrs/resources/obsidian.asar
2023-12-18 21:26:49 Checking for update using Github
2023-12-18 21:26:50 Success.
2023-12-18 21:26:50 Latest version is 1.4.16
2023-12-18 21:26:50 App is up to date.
2023-12-19 18:05:14 Loading main app package /tmp/.mount_ObsidiY5bRgQ/resources/obsidian.asar
2023-12-19 18:05:15 Checking for update using Github
2023-12-19 18:05:16 Success.
2023-12-19 18:05:16 Latest version is 1.4.16
2023-12-19 18:05:16 App is up to date.
2023-12-21 01:29:25 Loading main app package /tmp/.mount_ObsidilnEWWj/resources/obsidian.asar
2023-12-21 01:29:26 Checking for update using Github
2023-12-21 01:29:26 Success.
2023-12-21 01:29:26 Latest version is 1.4.16
2023-12-21 01:29:26 App is up to date.
2023-12-21 10:43:43 Loading main app package /tmp/.mount_ObsidiK211Kh/resources/obsidian.asar
2023-12-21 10:43:44 Checking for update using Github
2023-12-21 10:43:45 Success.
2023-12-21 10:43:45 Latest version is 1.4.16
2023-12-21 10:43:45 App is up to date.
2023-12-21 10:47:21 Loading main app package /tmp/.mount_ObsidilSxs6u/resources/obsidian.asar
2023-12-21 10:47:22 Checking for update using Github
2023-12-21 10:47:22 Success.
2023-12-21 10:47:22 Latest version is 1.4.16
2023-12-21 10:47:22 App is up to date.
2023-12-21 12:09:15 Loading main app package /tmp/.mount_ObsidiSKXD70/resources/obsidian.asar
2023-12-21 12:09:15 Checking for update using Github
2023-12-21 12:09:15 Success.
2023-12-21 12:09:15 Latest version is 1.4.16
2023-12-21 12:09:15 App is up to date.
2023-12-21 12:21:16 Loading main app package /tmp/.mount_ObsidiGJPWKw/resources/obsidian.asar
2023-12-21 12:21:16 Checking for update using Github
2023-12-21 12:21:17 Success.
2023-12-21 12:21:17 Latest version is 1.4.16
2023-12-21 12:21:17 App is up to date.
2023-12-21 13:21:16 Checking for update using Github
2023-12-21 13:21:16 Success.
2023-12-21 13:21:16 Latest version is 1.4.16
2023-12-21 13:21:16 App is up to date.
2023-12-24 02:52:39 Loading main app package /tmp/.mount_ObsidiDHWFL0/resources/obsidian.asar
2023-12-24 02:52:40 Checking for update using Github
2023-12-24 02:52:40 Success.
2023-12-24 02:52:40 Latest version is 1.4.16
2023-12-24 02:52:40 App is up to date.
2023-12-24 03:03:31 Loading main app package /tmp/.mount_Obsiditsmyye/resources/obsidian.asar
2023-12-24 03:03:32 Checking for update using Github
2023-12-24 03:03:33 Success.
2023-12-24 03:03:33 Latest version is 1.4.16
2023-12-24 03:03:33 App is up to date.
2023-12-24 20:43:51 Loading main app package /tmp/.mount_ObsidiuTLx4M/resources/obsidian.asar
2023-12-24 20:43:52 Checking for update using Github
2023-12-24 20:43:53 Success.
2023-12-24 20:43:53 Latest version is 1.4.16
2023-12-24 20:43:53 App is up to date.
2023-12-24 21:41:18 Loading main app package /tmp/.mount_Obsidi4XD6uw/resources/obsidian.asar
2023-12-24 21:41:18 Checking for update using Github
2023-12-24 21:43:51 Checking for update using Github
2023-12-24 21:43:51 Success.
2023-12-24 21:43:51 Latest version is 1.4.16
2023-12-24 21:43:51 App is up to date.
2023-12-24 22:11:11 Loading main app package /tmp/.mount_ObsidisDYhXQ/resources/obsidian.asar
2023-12-24 22:11:12 Checking for update using Github
2023-12-24 22:11:12 Success.
2023-12-24 22:11:12 Latest version is 1.4.16
2023-12-24 22:11:12 App is up to date.
2023-12-24 22:23:51 Loading main app package /tmp/.mount_ObsidiCckzZC/resources/obsidian.asar
2023-12-24 22:23:52 Checking for update using Github
2023-12-24 22:23:52 Success.
2023-12-24 22:23:52 Latest version is 1.4.16
2023-12-24 22:23:52 App is up to date.
2023-12-26 20:45:11 Loading main app package /tmp/.mount_ObsidijjAazf/resources/obsidian.asar
2023-12-26 20:45:12 Checking for update using Github
2023-12-26 20:45:12 Success.
2023-12-26 20:45:12 Latest version is 1.5.3
2023-12-26 20:45:12 Downloading update from https://github.com/obsidianmd/obsidian-releases/releases/download/v1.5.3/obsidian-1.5.3.asar.gz
2023-12-26 20:45:22 Verifying hash & signature. Size= 8515395
2023-12-26 20:45:22 Saving file
2023-12-26 20:45:23 Update complete.
2023-12-26 20:46:48 Loading updated app package /home/peque/.config/obsidian/obsidian-1.5.3.asar
2023-12-26 20:46:49 Checking for update using Github
2023-12-26 20:46:49 Success.
2023-12-26 20:46:49 Latest version is 1.5.3
2023-12-26 20:46:49 App is up to date.
2023-12-27 02:14:37 Loading updated app package /home/peque/.config/obsidian/obsidian-1.5.3.asar
2023-12-27 02:14:38 Checking for update using Github
2023-12-27 02:14:38 Success.
2023-12-27 02:14:38 Latest version is 1.5.3
2023-12-27 02:14:38 App is up to date.
2023-12-28 00:51:44 Loading updated app package /home/peque/.config/obsidian/obsidian-1.5.3.asar
2023-12-28 00:51:45 Checking for update using Github
2023-12-28 00:51:45 Success.
2023-12-28 00:51:45 Latest version is 1.5.3
2023-12-28 00:51:45 App is up to date.
2023-12-28 18:12:39 Loading updated app package /home/peque/.config/obsidian/obsidian-1.5.3.asar
2023-12-28 18:12:40 Checking for update using Github
2023-12-28 18:12:41 Success.
2023-12-28 18:12:41 Latest version is 1.5.3
2023-12-28 18:12:41 App is up to date.
2023-12-28 20:45:28 Loading updated app package /home/peque/.config/obsidian/obsidian-1.5.3.asar
2023-12-28 20:45:29 Checking for update using Github
2023-12-28 20:45:29 Success.
2023-12-28 20:45:29 Latest version is 1.5.3
2023-12-28 20:45:29 App is up to date.
2023-12-28 21:39:27 Loading updated app package /home/peque/.config/obsidian/obsidian-1.5.3.asar
2023-12-28 21:39:28 Checking for update using Github
2023-12-28 21:39:28 Success.
2023-12-28 21:39:28 Latest version is 1.5.3
2023-12-28 21:39:28 App is up to date.
2023-12-29 11:44:42 Loading updated app package /home/peque/.config/obsidian/obsidian-1.5.3.asar
2023-12-29 11:44:43 Checking for update using Github
2023-12-29 11:44:44 Success.
2023-12-29 11:44:44 Latest version is 1.5.3
2023-12-29 11:44:44 App is up to date.
2023-12-30 16:06:22 Loading updated app package /home/peque/.config/obsidian/obsidian-1.5.3.asar
2023-12-30 16:06:23 Checking for update using Github
2023-12-30 16:06:23 Success.
2023-12-30 16:06:23 Latest version is 1.5.3
2023-12-30 16:06:23 App is up to date.
2023-12-30 17:06:22 Checking for update using Github
2023-12-30 17:06:22 Success.
2023-12-30 17:06:22 Latest version is 1.5.3
2023-12-30 17:06:22 App is up to date.
2023-12-30 18:09:15 Loading updated app package /home/peque/.config/obsidian/obsidian-1.5.3.asar
2023-12-30 18:09:16 Checking for update using Github
2023-12-30 18:09:16 Success.
2023-12-30 18:09:16 Latest version is 1.5.3
2023-12-30 18:09:16 App is up to date.
2023-12-30 20:43:29 Loading updated app package /home/peque/.config/obsidian/obsidian-1.5.3.asar
2023-12-30 20:43:29 Checking for update using Github
2023-12-30 20:43:30 Success.
2023-12-30 20:43:30 Latest version is 1.5.3
2023-12-30 20:43:30 App is up to date.
2023-12-31 20:56:46 Loading updated app package /home/peque/.config/obsidian/obsidian-1.5.3.asar
2023-12-31 20:56:47 Checking for update using Github
2023-12-31 20:56:47 Success.
2023-12-31 20:56:47 Latest version is 1.5.3
2023-12-31 20:56:47 App is up to date.
2024-01-02 01:38:50 Loading updated app package /home/peque/.config/obsidian/obsidian-1.5.3.asar
2024-01-02 01:38:51 Checking for update using Github
2024-01-02 01:38:52 Success.
2024-01-02 01:38:52 Latest version is 1.5.3
2024-01-02 01:38:52 App is up to date.
2024-01-03 19:26:48 Loading updated app package /home/peque/.config/obsidian/obsidian-1.5.3.asar
2024-01-03 19:26:49 Checking for update using Github
2024-01-03 19:26:50 Success.
2024-01-03 19:26:50 Latest version is 1.5.3
2024-01-03 19:26:50 App is up to date.
2024-01-03 19:48:48 Loading updated app package /home/peque/.config/obsidian/obsidian-1.5.3.asar
2024-01-03 19:48:49 Checking for update using Github
2024-01-03 19:48:50 Success.
2024-01-03 19:48:50 Latest version is 1.5.3
2024-01-03 19:48:50 App is up to date.
2024-01-04 14:41:10 Loading updated app package /home/peque/.config/obsidian/obsidian-1.5.3.asar
2024-01-04 14:41:12 Checking for update using Github
2024-01-04 14:41:12 Success.
2024-01-04 14:41:12 Latest version is 1.5.3
2024-01-04 14:41:12 App is up to date.
2024-01-04 14:47:16 Loading updated app package /home/peque/.config/obsidian/obsidian-1.5.3.asar
2024-01-04 14:47:16 Checking for update using Github
2024-01-04 14:47:16 Success.
2024-01-04 14:47:16 Latest version is 1.5.3
2024-01-04 14:47:16 App is up to date.
2024-01-05 19:40:07 Loading updated app package /home/peque/.config/obsidian/obsidian-1.5.3.asar
2024-01-05 19:40:08 Checking for update using Github
2024-01-05 19:40:08 Success.
2024-01-05 19:40:08 Latest version is 1.5.3
2024-01-05 19:40:08 App is up to date.
2024-01-05 20:13:48 Loading updated app package /home/peque/.config/obsidian/obsidian-1.5.3.asar
2024-01-05 20:13:49 Checking for update using Github
2024-01-05 20:13:49 Success.
2024-01-05 20:13:49 Latest version is 1.5.3
2024-01-05 20:13:49 App is up to date.
2024-01-05 21:33:10 Loading updated app package /home/peque/.config/obsidian/obsidian-1.5.3.asar
2024-01-05 21:33:11 Checking for update using Github
2024-01-05 21:33:11 Success.
2024-01-05 21:33:11 Latest version is 1.5.3
2024-01-05 21:33:11 App is up to date.
2024-01-05 22:33:10 Checking for update using Github
2024-01-05 22:33:11 Success.
2024-01-05 22:33:11 Latest version is 1.5.3
2024-01-05 22:33:11 App is up to date.
2024-01-05 23:33:10 Checking for update using Github
2024-01-05 23:33:11 Success.
2024-01-05 23:33:11 Latest version is 1.5.3
2024-01-05 23:33:11 App is up to date.
2024-01-07 14:26:15 Loading updated app package /home/peque/.config/obsidian/obsidian-1.5.3.asar
2024-01-07 14:26:16 Checking for update using Github
2024-01-07 14:26:17 Success.
2024-01-07 14:26:17 Latest version is 1.5.3
2024-01-07 14:26:17 App is up to date.
2024-01-07 15:26:15 Checking for update using Github
2024-01-07 15:26:15 Success.
2024-01-07 15:26:15 Latest version is 1.5.3
2024-01-07 15:26:15 App is up to date.
2024-01-07 16:26:15 Checking for update using Github
2024-01-07 16:26:21 Success.
2024-01-07 16:26:21 Latest version is 1.5.3
2024-01-07 16:26:21 App is up to date.
2024-01-07 17:26:15 Checking for update using Github
2024-01-07 17:26:15 Success.
2024-01-07 17:26:15 Latest version is 1.5.3
2024-01-07 17:26:15 App is up to date.
2024-01-08 14:02:37 Loading updated app package /home/peque/.config/obsidian/obsidian-1.5.3.asar
2024-01-08 14:02:38 Checking for update using Github
2024-01-08 14:02:38 Success.
2024-01-08 14:02:38 Latest version is 1.5.3
2024-01-08 14:02:38 App is up to date.
2024-01-08 15:02:37 Checking for update using Github
2024-01-08 15:02:37 Success.
2024-01-08 15:02:37 Latest version is 1.5.3
2024-01-08 15:02:37 App is up to date.
2024-01-08 16:02:37 Checking for update using Github
2024-01-08 16:02:37 Success.
2024-01-08 16:02:37 Latest version is 1.5.3
2024-01-08 16:02:37 App is up to date.
2024-01-14 11:18:27 Loading updated app package /home/peque/.config/obsidian/obsidian-1.5.3.asar
2024-01-14 11:18:28 Checking for update using Github
2024-01-14 11:18:28 Success.
2024-01-14 11:18:28 Latest version is 1.5.3
2024-01-14 11:18:28 App is up to date.
2024-01-14 14:32:12 Loading updated app package /home/peque/.config/obsidian/obsidian-1.5.3.asar
2024-01-14 14:32:14 Checking for update using Github
2024-01-14 14:32:14 Success.
2024-01-14 14:32:14 Latest version is 1.5.3
2024-01-14 14:32:14 App is up to date.
2024-01-14 15:32:13 Checking for update using Github
2024-01-14 15:32:13 Success.
2024-01-14 15:32:13 Latest version is 1.5.3
2024-01-14 15:32:13 App is up to date.
2024-01-15 17:42:58 Loading updated app package /home/peque/.config/obsidian/obsidian-1.5.3.asar
2024-01-15 17:42:59 Checking for update using Github
2024-01-15 17:42:59 Success.
2024-01-15 17:42:59 Latest version is 1.5.3
2024-01-15 17:42:59 App is up to date.
2024-01-15 23:55:38 Loading updated app package /home/peque/.config/obsidian/obsidian-1.5.3.asar
2024-01-15 23:55:39 Checking for update using Github
2024-01-15 23:55:39 Success.
2024-01-15 23:55:39 Latest version is 1.5.3
2024-01-15 23:55:39 App is up to date.
2024-01-16 00:55:38 Checking for update using Github
2024-01-16 00:55:38 Success.
2024-01-16 00:55:38 Latest version is 1.5.3
2024-01-16 00:55:38 App is up to date.
2024-01-16 09:36:44 Loading updated app package /home/peque/.config/obsidian/obsidian-1.5.3.asar
2024-01-16 09:36:45 Checking for update using Github
2024-01-16 09:36:46 Success.
2024-01-16 09:36:46 Latest version is 1.5.3
2024-01-16 09:36:46 App is up to date.
2024-01-16 10:36:44 Checking for update using Github
2024-01-16 10:36:44 Success.
2024-01-16 10:36:44 Latest version is 1.5.3
2024-01-16 10:36:44 App is up to date.
2024-01-16 11:36:44 Checking for update using Github
2024-01-16 11:36:44 Success.
2024-01-16 11:36:44 Latest version is 1.5.3
2024-01-16 11:36:44 App is up to date.
2024-01-16 12:36:44 Checking for update using Github
2024-01-16 12:36:45 Success.
2024-01-16 12:36:45 Latest version is 1.5.3
2024-01-16 12:36:45 App is up to date.
2024-01-16 16:51:12 Loading updated app package /home/peque/.config/obsidian/obsidian-1.5.3.asar
2024-01-16 16:51:13 Checking for update using Github
2024-01-16 16:51:14 Success.
2024-01-16 16:51:14 Latest version is 1.5.3
2024-01-16 16:51:14 App is up to date.
2024-01-16 17:51:12 Checking for update using Github
2024-01-16 17:51:12 Success.
2024-01-16 17:51:12 Latest version is 1.5.3
2024-01-16 17:51:12 App is up to date.
2024-01-16 21:56:14 Loading updated app package /home/peque/.config/obsidian/obsidian-1.5.3.asar
2024-01-16 21:56:15 Checking for update using Github
2024-01-16 21:56:15 Success.
2024-01-16 21:56:15 Latest version is 1.5.3
2024-01-16 21:56:15 App is up to date.
2024-01-16 22:56:14 Checking for update using Github
2024-01-16 22:56:14 Success.
2024-01-16 22:56:14 Latest version is 1.5.3
2024-01-16 22:56:14 App is up to date.
2024-01-16 23:56:14 Checking for update using Github
2024-01-16 23:56:17 Success.
2024-01-16 23:56:17 Latest version is 1.5.3
2024-01-16 23:56:17 App is up to date.
2024-01-17 00:56:14 Checking for update using Github
2024-01-17 00:56:14 Success.
2024-01-17 00:56:14 Latest version is 1.5.3
2024-01-17 00:56:14 App is up to date.
2024-01-17 01:56:14 Checking for update using Github
2024-01-17 01:56:14 Success.
2024-01-17 01:56:14 Latest version is 1.5.3
2024-01-17 01:56:14 App is up to date.
2024-01-17 18:15:50 Loading updated app package /home/peque/.config/obsidian/obsidian-1.5.3.asar
2024-01-17 18:15:51 Checking for update using Github
2024-01-17 18:15:51 Success.
2024-01-17 18:15:51 Latest version is 1.5.3
2024-01-17 18:15:51 App is up to date.
2024-01-17 18:21:45 Loading updated app package /home/peque/.config/obsidian/obsidian-1.5.3.asar
2024-01-17 18:21:45 Checking for update using Github
2024-01-17 18:21:45 Success.
2024-01-17 18:21:45 Latest version is 1.5.3
2024-01-17 18:21:45 App is up to date.
2024-01-17 18:31:11 Loading updated app package /home/peque/.config/obsidian/obsidian-1.5.3.asar
2024-01-17 18:31:12 Checking for update using Github
2024-01-17 18:31:12 Success.
2024-01-17 18:31:12 Latest version is 1.5.3
2024-01-17 18:31:12 App is up to date.
2024-01-18 02:42:01 Loading updated app package /home/peque/.config/obsidian/obsidian-1.5.3.asar
2024-01-18 02:42:02 Checking for update using Github
2024-01-18 02:42:02 Success.
2024-01-18 02:42:02 Latest version is 1.5.3
2024-01-18 02:42:02 App is up to date.
2024-01-18 15:30:23 Loading updated app package /home/peque/.config/obsidian/obsidian-1.5.3.asar
2024-01-18 15:30:24 Checking for update using Github
2024-01-18 15:30:25 Success.
2024-01-18 15:30:25 Latest version is 1.5.3
2024-01-18 15:30:25 App is up to date.
2024-01-18 16:30:23 Checking for update using Github
2024-01-18 16:30:23 Success.
2024-01-18 16:30:23 Latest version is 1.5.3
2024-01-18 16:30:23 App is up to date.
2024-01-18 17:30:23 Checking for update using Github
2024-01-18 17:30:24 Success.
2024-01-18 17:30:24 Latest version is 1.5.3
2024-01-18 17:30:24 App is up to date.
2024-01-18 18:23:39 Loading updated app package /home/peque/.config/obsidian/obsidian-1.5.3.asar
2024-01-18 18:23:39 Checking for update using Github
2024-01-18 18:23:40 Success.
2024-01-18 18:23:40 Latest version is 1.5.3
2024-01-18 18:23:40 App is up to date.
2024-01-19 13:28:34 Loading updated app package /home/peque/.config/obsidian/obsidian-1.5.3.asar
2024-01-19 13:28:35 Checking for update using Github
2024-01-19 13:28:42 Success.
2024-01-19 13:28:42 Latest version is 1.5.3
2024-01-19 13:28:42 App is up to date.
2024-01-19 18:29:42 Loading updated app package /home/peque/.config/obsidian/obsidian-1.5.3.asar
2024-01-19 18:29:43 Checking for update using Github
2024-01-19 18:29:43 Success.
2024-01-19 18:29:43 Latest version is 1.5.3
2024-01-19 18:29:43 App is up to date.
2024-01-19 19:17:29 Loading updated app package /home/peque/.config/obsidian/obsidian-1.5.3.asar
2024-01-19 19:17:29 Checking for update using Github
2024-01-19 19:17:30 Success.
2024-01-19 19:17:30 Latest version is 1.5.3
2024-01-19 19:17:30 App is up to date.
2024-01-20 02:33:17 Loading updated app package /home/peque/.config/obsidian/obsidian-1.5.3.asar
2024-01-20 02:33:18 Checking for update using Github
2024-01-20 02:33:19 Success.
2024-01-20 02:33:19 Latest version is 1.5.3
2024-01-20 02:33:19 App is up to date.
2024-01-20 14:05:03 Loading updated app package /home/peque/.config/obsidian/obsidian-1.5.3.asar
2024-01-20 14:05:04 Checking for update using Github
2024-01-20 14:05:05 Success.
2024-01-20 14:05:05 Latest version is 1.5.3
2024-01-20 14:05:05 App is up to date.
2024-01-20 14:13:03 Loading updated app package /home/peque/.config/obsidian/obsidian-1.5.3.asar
2024-01-20 14:13:04 Checking for update using Github
2024-01-20 14:13:04 Success.
2024-01-20 14:13:04 Latest version is 1.5.3
2024-01-20 14:13:04 App is up to date.
2024-01-20 16:48:09 Loading updated app package /home/peque/.config/obsidian/obsidian-1.5.3.asar
2024-01-20 16:48:09 Checking for update using Github
2024-01-20 16:48:10 Success.
2024-01-20 16:48:10 Latest version is 1.5.3
2024-01-20 16:48:10 App is up to date.
2024-01-20 17:48:09 Checking for update using Github
2024-01-20 17:48:09 Success.
2024-01-20 17:48:09 Latest version is 1.5.3
2024-01-20 17:48:09 App is up to date.
2024-01-20 19:20:02 Loading updated app package /home/peque/.config/obsidian/obsidian-1.5.3.asar
2024-01-20 19:20:02 Checking for update using Github
2024-01-20 19:20:03 Success.
2024-01-20 19:20:03 Latest version is 1.5.3
2024-01-20 19:20:03 App is up to date.
2024-01-20 20:09:12 Loading updated app package /home/peque/.config/obsidian/obsidian-1.5.3.asar
2024-01-20 20:09:13 Checking for update using Github
2024-01-20 20:09:13 Success.
2024-01-20 20:09:13 Latest version is 1.5.3
2024-01-20 20:09:13 App is up to date.
2024-01-21 12:31:47 Loading updated app package /home/peque/.config/obsidian/obsidian-1.5.3.asar
2024-01-21 12:31:48 Checking for update using Github
2024-01-21 12:31:48 Success.
2024-01-21 12:31:48 Latest version is 1.5.3
2024-01-21 12:31:48 App is up to date.
2024-01-21 13:01:35 Loading updated app package /home/peque/.config/obsidian/obsidian-1.5.3.asar
2024-01-21 13:01:36 Checking for update using Github
2024-01-21 13:34:09 Loading updated app package /home/peque/.config/obsidian/obsidian-1.5.3.asar
2024-01-21 13:34:10 Checking for update using Github
2024-01-21 13:34:10 Success.
2024-01-21 13:34:10 Latest version is 1.5.3
2024-01-21 13:34:10 App is up to date.
2024-01-21 13:50:25 Loading updated app package /home/peque/.config/obsidian/obsidian-1.5.3.asar
2024-01-21 13:50:26 Checking for update using Github
2024-01-21 13:50:26 Success.
2024-01-21 13:50:26 Latest version is 1.5.3
2024-01-21 13:50:26 App is up to date.
2024-01-23 17:33:16 Loading updated app package /home/peque/.config/obsidian/obsidian-1.5.3.asar
2024-01-23 17:33:16 Checking for update using Github
2024-01-23 17:33:16 Success.
2024-01-23 17:33:16 Latest version is 1.5.3
2024-01-23 17:33:16 App is up to date.
2024-01-23 17:39:04 Loading updated app package /home/peque/.config/obsidian/obsidian-1.5.3.asar
2024-01-23 17:39:05 Checking for update using Github
2024-01-23 17:39:05 Success.
2024-01-23 17:39:05 Latest version is 1.5.3
2024-01-23 17:39:05 App is up to date.
2024-01-23 20:47:48 Loading updated app package /home/peque/.config/obsidian/obsidian-1.5.3.asar
2024-01-23 20:47:49 Checking for update using Github
2024-01-23 20:47:49 Success.
2024-01-23 20:47:49 Latest version is 1.5.3
2024-01-23 20:47:49 App is up to date.
2024-01-25 16:08:29 Loading updated app package /home/peque/.config/obsidian/obsidian-1.5.3.asar
2024-01-25 16:08:30 Checking for update using Github
2024-01-25 16:08:30 Success.
2024-01-25 16:08:30 Latest version is 1.5.3
2024-01-25 16:08:30 App is up to date.
2024-01-26 09:38:07 Loading updated app package /home/peque/.config/obsidian/obsidian-1.5.3.asar
2024-01-26 09:38:08 Checking for update using Github
2024-01-26 09:38:08 Success.
2024-01-26 09:38:08 Latest version is 1.5.3
2024-01-26 09:38:08 App is up to date.
2024-01-26 10:38:07 Checking for update using Github
2024-01-26 10:38:08 Success.
2024-01-26 10:38:08 Latest version is 1.5.3
2024-01-26 10:38:08 App is up to date.
2024-01-26 11:38:07 Checking for update using Github
2024-01-26 11:38:07 Success.
2024-01-26 11:38:07 Latest version is 1.5.3
2024-01-26 11:38:07 App is up to date.
2024-01-26 19:16:10 Loading updated app package /home/peque/.config/obsidian/obsidian-1.5.3.asar
2024-01-26 19:16:11 Checking for update using Github
2024-01-26 19:16:11 Success.
2024-01-26 19:16:11 Latest version is 1.5.3
2024-01-26 19:16:11 App is up to date.
2024-01-27 11:18:31 Loading updated app package /home/peque/.config/obsidian/obsidian-1.5.3.asar
2024-01-27 11:18:32 Checking for update using Github
2024-01-27 11:18:32 Success.
2024-01-27 11:18:32 Latest version is 1.5.3
2024-01-27 11:18:32 App is up to date.
2024-01-27 12:18:31 Checking for update using Github
2024-01-27 12:18:31 Success.
2024-01-27 12:18:31 Latest version is 1.5.3
2024-01-27 12:18:31 App is up to date.
2024-01-27 12:31:08 Loading updated app package /home/peque/.config/obsidian/obsidian-1.5.3.asar
2024-01-27 12:31:09 Checking for update using Github
2024-01-27 12:31:09 Success.
2024-01-27 12:31:09 Latest version is 1.5.3
2024-01-27 12:31:09 App is up to date.
2024-01-27 13:31:08 Checking for update using Github
2024-01-27 13:31:08 Success.
2024-01-27 13:31:08 Latest version is 1.5.3
2024-01-27 13:31:08 App is up to date.
2024-01-27 18:33:51 Loading updated app package /home/peque/.config/obsidian/obsidian-1.5.3.asar
2024-01-27 18:33:52 Checking for update using Github
2024-01-27 18:33:52 Success.
2024-01-27 18:33:52 Latest version is 1.5.3
2024-01-27 18:33:52 App is up to date.
2024-01-27 19:33:51 Checking for update using Github
2024-01-27 19:33:51 Success.
2024-01-27 19:33:51 Latest version is 1.5.3
2024-01-27 19:33:51 App is up to date.
2024-01-27 20:44:45 Loading updated app package /home/peque/.config/obsidian/obsidian-1.5.3.asar
2024-01-27 20:44:46 Checking for update using Github
2024-01-27 20:44:47 Success.
2024-01-27 20:44:47 Latest version is 1.5.3
2024-01-27 20:44:47 App is up to date.
2024-01-27 21:44:45 Checking for update using Github
2024-01-27 21:44:46 Success.
2024-01-27 21:44:46 Latest version is 1.5.3
2024-01-27 21:44:46 App is up to date.
2024-01-27 22:44:45 Checking for update using Github
2024-01-27 22:44:45 Success.
2024-01-27 22:44:45 Latest version is 1.5.3
2024-01-27 22:44:45 App is up to date.
2024-01-29 16:42:19 Loading updated app package /home/peque/.config/obsidian/obsidian-1.5.3.asar
2024-01-29 16:42:21 Checking for update using Github
2024-01-29 16:42:21 Success.
2024-01-29 16:42:21 Latest version is 1.5.3
2024-01-29 16:42:21 App is up to date.
2024-01-29 17:16:43 Loading updated app package /home/peque/.config/obsidian/obsidian-1.5.3.asar
2024-01-29 17:16:44 Checking for update using Github
2024-01-29 17:16:44 Success.
2024-01-29 17:16:44 Latest version is 1.5.3
2024-01-29 17:16:44 App is up to date.
2024-01-30 09:53:35 Loading updated app package /home/peque/.config/obsidian/obsidian-1.5.3.asar
2024-01-30 09:53:36 Checking for update using Github
2024-01-30 09:53:36 Success.
2024-01-30 09:53:36 Latest version is 1.5.3
2024-01-30 09:53:36 App is up to date.
2024-01-30 12:49:53 Loading updated app package /home/peque/.config/obsidian/obsidian-1.5.3.asar
2024-01-30 12:49:54 Checking for update using Github
2024-01-30 12:50:00 Success.
2024-01-30 12:50:00 Latest version is 1.5.3
2024-01-30 12:50:00 App is up to date.
2024-01-30 13:49:53 Checking for update using Github
2024-01-30 13:49:57 Success.
2024-01-30 13:49:57 Latest version is 1.5.3
2024-01-30 13:49:57 App is up to date.
2024-01-31 09:34:31 Loading updated app package /home/peque/.config/obsidian/obsidian-1.5.3.asar
2024-01-31 09:34:32 Checking for update using Github
2024-01-31 09:34:33 Success.
2024-01-31 09:34:33 Latest version is 1.5.3
2024-01-31 09:34:33 App is up to date.
2024-01-31 10:34:31 Checking for update using Github
2024-01-31 10:34:31 Success.
2024-01-31 10:34:31 Latest version is 1.5.3
2024-01-31 10:34:31 App is up to date.
2024-01-31 11:34:31 Checking for update using Github
2024-01-31 11:34:31 Success.
2024-01-31 11:34:31 Latest version is 1.5.3
2024-01-31 11:34:31 App is up to date.
2024-01-31 16:08:42 Loading updated app package /home/peque/.config/obsidian/obsidian-1.5.3.asar
2024-01-31 16:08:43 Checking for update using Github
2024-01-31 16:08:49 Success.
2024-01-31 16:08:49 Latest version is 1.5.3
2024-01-31 16:08:49 App is up to date.
2024-02-01 15:10:58 Loading updated app package /home/peque/.config/obsidian/obsidian-1.5.3.asar
2024-02-01 15:10:58 Checking for update using Github
2024-02-01 15:10:59 Success.
2024-02-01 15:10:59 Latest version is 1.5.3
2024-02-01 15:10:59 App is up to date.
2024-02-01 16:10:58 Checking for update using Github
2024-02-01 16:10:58 Success.
2024-02-01 16:10:58 Latest version is 1.5.3
2024-02-01 16:10:58 App is up to date.
2024-02-02 23:33:24 Loading updated app package /home/peque/.config/obsidian/obsidian-1.5.3.asar
2024-02-02 23:33:25 Checking for update using Github
2024-02-02 23:33:26 Success.
2024-02-02 23:33:26 Latest version is 1.5.3
2024-02-02 23:33:26 App is up to date.
2024-02-03 00:33:24 Checking for update using Github
2024-02-03 00:33:24 Success.
2024-02-03 00:33:24 Latest version is 1.5.3
2024-02-03 00:33:24 App is up to date.
2024-02-03 01:33:24 Checking for update using Github
2024-02-03 01:33:24 Success.
2024-02-03 01:33:24 Latest version is 1.5.3
2024-02-03 01:33:24 App is up to date.
2024-02-04 00:03:37 Loading updated app package /home/peque/.config/obsidian/obsidian-1.5.3.asar
2024-02-04 00:03:38 Checking for update using Github
2024-02-04 00:03:38 Success.
2024-02-04 00:03:38 Latest version is 1.5.3
2024-02-04 00:03:38 App is up to date.
2024-02-04 01:03:37 Checking for update using Github
2024-02-04 01:03:37 Success.
2024-02-04 01:03:37 Latest version is 1.5.3
2024-02-04 01:03:37 App is up to date.
2024-02-04 02:03:37 Checking for update using Github
2024-02-04 02:03:38 Success.
2024-02-04 02:03:38 Latest version is 1.5.3
2024-02-04 02:03:38 App is up to date.
2024-02-04 13:29:27 Loading updated app package /home/peque/.config/obsidian/obsidian-1.5.3.asar
2024-02-04 13:29:28 Checking for update using Github
2024-02-04 13:29:29 Success.
2024-02-04 13:29:29 Latest version is 1.5.3
2024-02-04 13:29:29 App is up to date.
2024-02-04 15:35:33 Loading updated app package /home/peque/.config/obsidian/obsidian-1.5.3.asar
2024-02-04 15:35:34 Checking for update using Github
2024-02-04 15:35:35 Success.
2024-02-04 15:35:35 Latest version is 1.5.3
2024-02-04 15:35:35 App is up to date.
2024-02-04 16:35:33 Checking for update using Github
2024-02-04 16:35:34 Success.
2024-02-04 16:35:34 Latest version is 1.5.3
2024-02-04 16:35:34 App is up to date.
2024-02-08 18:41:25 Loading updated app package /home/peque/.config/obsidian/obsidian-1.5.3.asar
2024-02-08 18:41:25 Checking for update using Github
2024-02-08 18:41:26 Success.
2024-02-08 18:41:26 Latest version is 1.5.3
2024-02-08 18:41:26 App is up to date.
2024-02-08 19:41:25 Checking for update using Github
2024-02-08 19:41:25 Success.
2024-02-08 19:41:25 Latest version is 1.5.3
2024-02-08 19:41:25 App is up to date.
2024-02-08 20:53:23 Loading updated app package /home/peque/.config/obsidian/obsidian-1.5.3.asar
2024-02-08 20:53:23 Checking for update using Github
2024-02-08 20:53:23 Success.
2024-02-08 20:53:23 Latest version is 1.5.3
2024-02-08 20:53:23 App is up to date.
2024-02-08 21:53:23 Checking for update using Github
2024-02-08 21:53:23 Success.
2024-02-08 21:53:23 Latest version is 1.5.3
2024-02-08 21:53:23 App is up to date.
2024-02-09 01:51:05 Loading updated app package /home/peque/.config/obsidian/obsidian-1.5.3.asar
2024-02-09 01:51:06 Checking for update using Github
2024-02-09 01:51:06 Success.
2024-02-09 01:51:06 Latest version is 1.5.3
2024-02-09 01:51:06 App is up to date.
2024-02-09 16:57:37 Loading updated app package /home/peque/.config/obsidian/obsidian-1.5.3.asar
2024-02-09 16:57:38 Checking for update using Github
2024-02-09 16:57:38 Success.
2024-02-09 16:57:38 Latest version is 1.5.3
2024-02-09 16:57:38 App is up to date.
2024-02-10 19:24:01 Loading updated app package /home/peque/.config/obsidian/obsidian-1.5.3.asar
2024-02-10 19:24:02 Checking for update using Github
2024-02-10 19:24:05 Success.
2024-02-10 19:24:05 Latest version is 1.5.3
2024-02-10 19:24:05 App is up to date.
2024-02-10 23:49:45 Loading updated app package /home/peque/.config/obsidian/obsidian-1.5.3.asar
2024-02-10 23:49:46 Checking for update using Github
2024-02-10 23:49:46 Success.
2024-02-10 23:49:46 Latest version is 1.5.3
2024-02-10 23:49:46 App is up to date.
2024-02-11 00:49:45 Checking for update using Github
2024-02-11 00:49:50 Success.
2024-02-11 00:49:50 Latest version is 1.5.3
2024-02-11 00:49:50 App is up to date.
2024-02-11 17:05:12 Loading updated app package /home/peque/.config/obsidian/obsidian-1.5.3.asar
2024-02-11 17:05:13 Checking for update using Github
2024-02-11 17:05:13 Success.
2024-02-11 17:05:13 Latest version is 1.5.3
2024-02-11 17:05:13 App is up to date.
2024-02-13 17:22:21 Loading updated app package /home/peque/.config/obsidian/obsidian-1.5.3.asar
2024-02-13 17:22:22 Checking for update using Github
2024-02-13 17:22:29 Success.
2024-02-13 17:22:29 Latest version is 1.5.3
2024-02-13 17:22:29 App is up to date.
2024-02-13 23:28:01 Loading updated app package /home/peque/.config/obsidian/obsidian-1.5.3.asar
2024-02-13 23:28:02 Checking for update using Github
2024-02-13 23:28:02 Success.
2024-02-13 23:28:02 Latest version is 1.5.3
2024-02-13 23:28:02 App is up to date.
2024-02-14 02:21:00 Loading updated app package /home/peque/.config/obsidian/obsidian-1.5.3.asar
2024-02-14 02:21:01 Checking for update using Github
2024-02-14 02:21:01 Success.
2024-02-14 02:21:01 Latest version is 1.5.3
2024-02-14 02:21:01 App is up to date.
2024-02-15 17:18:31 Loading updated app package /home/peque/.config/obsidian/obsidian-1.5.3.asar
2024-02-15 17:18:32 Checking for update using Github
2024-02-15 17:18:33 Success.
2024-02-15 17:18:33 Latest version is 1.5.3
2024-02-15 17:18:33 App is up to date.
2024-02-15 18:09:23 Loading updated app package /home/peque/.config/obsidian/obsidian-1.5.3.asar
2024-02-15 18:09:23 Checking for update using Github
2024-02-15 18:09:24 Success.
2024-02-15 18:09:24 Latest version is 1.5.3
2024-02-15 18:09:24 App is up to date.
2024-02-15 18:41:57 Loading updated app package /home/peque/.config/obsidian/obsidian-1.5.3.asar
2024-02-15 18:41:58 Checking for update using Github
2024-02-15 18:41:58 Success.
2024-02-15 18:41:58 Latest version is 1.5.3
2024-02-15 18:41:58 App is up to date.
2024-02-16 12:26:34 Loading updated app package /home/peque/.config/obsidian/obsidian-1.5.3.asar
2024-02-16 12:26:34 Checking for update using Github
2024-02-16 12:26:35 Success.
2024-02-16 12:26:35 Latest version is 1.5.3
2024-02-16 12:26:35 App is up to date.
2024-02-16 20:27:46 Loading updated app package /home/peque/.config/obsidian/obsidian-1.5.3.asar
2024-02-16 20:27:46 Checking for update using Github
2024-02-16 20:27:47 Success.
2024-02-16 20:27:47 Latest version is 1.5.3
2024-02-16 20:27:47 App is up to date.
2024-02-17 14:20:18 Loading updated app package /home/peque/.config/obsidian/obsidian-1.5.3.asar
2024-02-17 14:20:19 Checking for update using Github
2024-02-17 14:20:20 Success.
2024-02-17 14:20:20 Latest version is 1.5.3
2024-02-17 14:20:20 App is up to date.
2024-02-17 15:20:19 Checking for update using Github
2024-02-17 15:20:19 Success.
2024-02-17 15:20:19 Latest version is 1.5.3
2024-02-17 15:20:19 App is up to date.
2024-02-17 16:20:19 Checking for update using Github
2024-02-17 16:20:19 Success.
2024-02-17 16:20:19 Latest version is 1.5.3
2024-02-17 16:20:19 App is up to date.
2024-02-17 17:20:19 Checking for update using Github
2024-02-17 17:20:19 Success.
2024-02-17 17:20:19 Latest version is 1.5.3
2024-02-17 17:20:19 App is up to date.
2024-02-17 18:20:19 Checking for update using Github
2024-02-17 18:20:19 Success.
2024-02-17 18:20:19 Latest version is 1.5.3
2024-02-17 18:20:19 App is up to date.
2024-02-17 20:44:30 Loading updated app package /home/peque/.config/obsidian/obsidian-1.5.3.asar
2024-02-17 20:44:31 Checking for update using Github
2024-02-17 20:44:36 Success.
2024-02-17 20:44:36 Latest version is 1.5.3
2024-02-17 20:44:36 App is up to date.
2024-02-17 21:15:45 Loading updated app package /home/peque/.config/obsidian/obsidian-1.5.3.asar
2024-02-17 21:15:46 Checking for update using Github
2024-02-17 21:15:48 Success.
2024-02-17 21:15:48 Latest version is 1.5.3
2024-02-17 21:15:48 App is up to date.
2024-02-17 21:23:43 Loading updated app package /home/peque/.config/obsidian/obsidian-1.5.3.asar
2024-02-17 21:23:44 Checking for update using Github
2024-02-17 21:23:44 Success.
2024-02-17 21:23:44 Latest version is 1.5.3
2024-02-17 21:23:44 App is up to date.
2024-02-17 21:49:02 Loading updated app package /home/peque/.config/obsidian/obsidian-1.5.3.asar
2024-02-17 21:49:03 Checking for update using Github
2024-02-17 21:49:04 Success.
2024-02-17 21:49:04 Latest version is 1.5.3
2024-02-17 21:49:04 App is up to date.
2024-02-18 02:25:52 Loading updated app package /home/peque/.config/obsidian/obsidian-1.5.3.asar
2024-02-18 02:25:53 Checking for update using Github
2024-02-18 02:25:54 Success.
2024-02-18 02:25:54 Latest version is 1.5.3
2024-02-18 02:25:54 App is up to date.
2024-02-18 02:41:27 Loading updated app package /home/peque/.config/obsidian/obsidian-1.5.3.asar
2024-02-18 02:41:28 Checking for update using Github
2024-02-18 02:41:28 Success.
2024-02-18 02:41:28 Latest version is 1.5.3
2024-02-18 02:41:28 App is up to date.
2024-02-18 16:38:23 Loading updated app package /home/peque/.config/obsidian/obsidian-1.5.3.asar
2024-02-18 16:38:24 Checking for update using Github
2024-02-18 16:38:25 Success.
2024-02-18 16:38:25 Latest version is 1.5.3
2024-02-18 16:38:25 App is up to date.
2024-02-20 00:14:07 Loading updated app package /home/peque/.config/obsidian/obsidian-1.5.3.asar
2024-02-20 00:14:08 Checking for update using Github
2024-02-20 00:14:09 Success.
2024-02-20 00:14:09 Latest version is 1.5.3
2024-02-20 00:14:09 App is up to date.
2024-02-20 17:19:56 Loading updated app package /home/peque/.config/obsidian/obsidian-1.5.3.asar
2024-02-20 17:19:57 Checking for update using Github
2024-02-20 17:19:57 Success.
2024-02-20 17:19:57 Latest version is 1.5.3
2024-02-20 17:19:57 App is up to date.
2024-02-20 18:19:56 Checking for update using Github
2024-02-20 18:19:56 Success.
2024-02-20 18:19:56 Latest version is 1.5.3
2024-02-20 18:19:56 App is up to date.
2024-02-20 19:19:56 Checking for update using Github
2024-02-20 19:19:56 Success.
2024-02-20 19:19:56 Latest version is 1.5.3
2024-02-20 19:19:56 App is up to date.
2024-02-20 20:19:56 Checking for update using Github
2024-02-20 20:19:56 Success.
2024-02-20 20:19:56 Latest version is 1.5.3
2024-02-20 20:19:56 App is up to date.
2024-02-21 01:51:18 Loading updated app package /home/peque/.config/obsidian/obsidian-1.5.3.asar
2024-02-21 01:51:19 Checking for update using Github
2024-02-21 01:51:22 Success.
2024-02-21 01:51:22 Latest version is 1.5.3
2024-02-21 01:51:22 App is up to date.
2024-02-21 20:57:11 Loading updated app package /home/peque/.config/obsidian/obsidian-1.5.3.asar
2024-02-21 20:57:12 Checking for update using Github
2024-02-21 20:57:12 Success.
2024-02-21 20:57:12 Latest version is 1.5.3
2024-02-21 20:57:12 App is up to date.
2024-02-24 21:43:24 Loading updated app package /home/peque/.config/obsidian/obsidian-1.5.3.asar
2024-02-24 21:43:25 Checking for update using Github
2024-02-24 21:43:26 Success.
2024-02-24 21:43:26 Latest version is 1.5.8
2024-02-24 21:43:26 Downloading update from https://github.com/obsidianmd/obsidian-releases/releases/download/v1.5.8/obsidian-1.5.8.asar.gz
2024-02-24 21:43:39 Verifying hash & signature. Size= 8652806
2024-02-24 21:43:39 Saving file
2024-02-24 21:43:40 Update complete.
2024-02-26 21:08:18 Loading updated app package /home/peque/.config/obsidian/obsidian-1.5.8.asar
2024-02-26 21:08:18 Checking for update using Github
2024-02-26 21:08:19 Success.
2024-02-26 21:08:19 Latest version is 1.5.8
2024-02-26 21:08:19 App is up to date.
2024-02-26 21:44:17 Loading updated app package /home/peque/.config/obsidian/obsidian-1.5.8.asar
2024-02-26 21:44:17 Checking for update using Github
2024-02-26 21:44:18 Success.
2024-02-26 21:44:18 Latest version is 1.5.8
2024-02-26 21:44:18 App is up to date.
2024-02-26 23:50:25 Loading updated app package /home/peque/.config/obsidian/obsidian-1.5.8.asar
2024-02-26 23:50:26 Checking for update using Github
2024-02-26 23:50:27 Success.
2024-02-26 23:50:27 Latest version is 1.5.8
2024-02-26 23:50:27 App is up to date.
2024-02-27 00:50:25 Checking for update using Github
2024-02-27 00:50:25 Success.
2024-02-27 00:50:25 Latest version is 1.5.8
2024-02-27 00:50:25 App is up to date.
2024-02-27 22:52:23 Loading updated app package /home/peque/.config/obsidian/obsidian-1.5.8.asar
2024-02-27 22:52:24 Checking for update using Github
2024-02-27 22:52:29 Success.
2024-02-27 22:52:29 Latest version is 1.5.8
2024-02-27 22:52:29 App is up to date.
2024-02-27 23:52:23 Checking for update using Github
2024-02-27 23:52:23 Success.
2024-02-27 23:52:23 Latest version is 1.5.8
2024-02-27 23:52:23 App is up to date.
2024-02-28 00:52:23 Checking for update using Github
2024-02-28 00:52:23 Success.
2024-02-28 00:52:23 Latest version is 1.5.8
2024-02-28 00:52:23 App is up to date.
2024-02-28 01:52:23 Checking for update using Github
2024-02-28 01:52:23 Success.
2024-02-28 01:52:23 Latest version is 1.5.8
2024-02-28 01:52:23 App is up to date.
2024-02-28 22:59:02 Loading updated app package /home/peque/.config/obsidian/obsidian-1.5.8.asar
2024-02-28 22:59:03 Checking for update using Github
2024-02-28 22:59:03 Success.
2024-02-28 22:59:03 Latest version is 1.5.8
2024-02-28 22:59:03 App is up to date.
2024-02-28 23:13:00 Loading updated app package /home/peque/.config/obsidian/obsidian-1.5.8.asar
2024-02-28 23:13:01 Checking for update using Github
2024-02-28 23:13:01 Success.
2024-02-28 23:13:01 Latest version is 1.5.8
2024-02-28 23:13:01 App is up to date.
2024-02-29 00:19:53 Loading updated app package /home/peque/.config/obsidian/obsidian-1.5.8.asar
2024-02-29 00:19:54 Checking for update using Github
2024-02-29 00:19:54 Success.
2024-02-29 00:19:54 Latest version is 1.5.8
2024-02-29 00:19:54 App is up to date.
2024-02-29 00:26:27 Loading updated app package /home/peque/.config/obsidian/obsidian-1.5.8.asar
2024-02-29 00:26:27 Checking for update using Github
2024-02-29 00:26:28 Success.
2024-02-29 00:26:28 Latest version is 1.5.8
2024-02-29 00:26:28 App is up to date.
2024-02-29 18:10:47 Loading updated app package /home/peque/.config/obsidian/obsidian-1.5.8.asar
2024-02-29 18:10:48 Checking for update using Github
2024-02-29 18:10:48 Success.
2024-02-29 18:10:48 Latest version is 1.5.8
2024-02-29 18:10:48 App is up to date.
2024-03-01 12:41:58 Loading updated app package /home/peque/.config/obsidian/obsidian-1.5.8.asar
2024-03-01 12:41:59 Checking for update using Github
2024-03-01 12:41:59 Success.
2024-03-01 12:41:59 Latest version is 1.5.8
2024-03-01 12:41:59 App is up to date.
2024-03-01 20:28:56 Loading updated app package /home/peque/.config/obsidian/obsidian-1.5.8.asar
2024-03-01 20:28:57 Checking for update using Github
2024-03-01 20:28:58 Success.
2024-03-01 20:28:58 Latest version is 1.5.8
2024-03-01 20:28:58 App is up to date.
2024-03-01 20:29:05 Loading updated app package /home/peque/.config/obsidian/obsidian-1.5.8.asar
2024-03-01 20:29:06 Checking for update using Github
2024-03-01 20:29:06 Success.
2024-03-01 20:29:06 Latest version is 1.5.8
2024-03-01 20:29:06 App is up to date.
2024-03-01 20:33:36 Loading updated app package /home/peque/.config/obsidian/obsidian-1.5.8.asar
2024-03-01 20:33:37 Checking for update using Github
2024-03-01 20:33:37 Success.
2024-03-01 20:33:37 Latest version is 1.5.8
2024-03-01 20:33:37 App is up to date.
2024-03-02 13:26:19 Loading updated app package /home/peque/.config/obsidian/obsidian-1.5.8.asar
2024-03-02 13:26:20 Checking for update using Github
2024-03-02 13:26:20 Success.
2024-03-02 13:26:20 Latest version is 1.5.8
2024-03-02 13:26:20 App is up to date.
2024-03-02 14:27:37 Loading updated app package /home/peque/.config/obsidian/obsidian-1.5.8.asar
2024-03-02 14:27:38 Checking for update using Github
2024-03-02 14:27:39 Success.
2024-03-02 14:27:39 Latest version is 1.5.8
2024-03-02 14:27:39 App is up to date.
2024-03-02 14:28:41 Loading updated app package /home/peque/.config/obsidian/obsidian-1.5.8.asar
2024-03-02 14:28:42 Checking for update using Github
2024-03-02 14:28:42 Success.
2024-03-02 14:28:42 Latest version is 1.5.8
2024-03-02 14:28:42 App is up to date.
2024-03-02 14:31:10 Loading updated app package /home/peque/.config/obsidian/obsidian-1.5.8.asar
2024-03-02 14:31:11 Checking for update using Github
2024-03-02 14:31:11 Success.
2024-03-02 14:31:11 Latest version is 1.5.8
2024-03-02 14:31:11 App is up to date.
2024-03-02 14:35:21 Loading updated app package /home/peque/.config/obsidian/obsidian-1.5.8.asar
2024-03-02 14:35:22 Checking for update using Github
2024-03-02 14:35:22 Success.
2024-03-02 14:35:22 Latest version is 1.5.8
2024-03-02 14:35:22 App is up to date.
2024-03-02 22:16:11 Loading updated app package /home/peque/.config/obsidian/obsidian-1.5.8.asar
2024-03-02 22:16:12 Checking for update using Github
2024-03-02 22:16:12 Success.
2024-03-02 22:16:12 Latest version is 1.5.8
2024-03-02 22:16:12 App is up to date.
2024-03-03 17:20:26 Loading updated app package /home/peque/.config/obsidian/obsidian-1.5.8.asar
2024-03-03 17:20:27 Checking for update using Github
2024-03-03 17:20:27 Success.
2024-03-03 17:20:27 Latest version is 1.5.8
2024-03-03 17:20:27 App is up to date.
2024-03-03 20:40:15 Loading updated app package /home/peque/.config/obsidian/obsidian-1.5.8.asar
2024-03-03 20:40:15 Checking for update using Github
2024-03-03 20:40:16 Success.
2024-03-03 20:40:16 Latest version is 1.5.8
2024-03-03 20:40:16 App is up to date.
2024-03-03 21:56:08 Loading updated app package /home/peque/.config/obsidian/obsidian-1.5.8.asar
2024-03-03 21:56:09 Checking for update using Github
2024-03-03 21:56:09 Success.
2024-03-03 21:56:09 Latest version is 1.5.8
2024-03-03 21:56:09 App is up to date.
2024-03-03 22:06:00 Loading updated app package /home/peque/.config/obsidian/obsidian-1.5.8.asar
2024-03-03 22:06:01 Checking for update using Github
2024-03-03 22:06:01 Success.
2024-03-03 22:06:01 Latest version is 1.5.8
2024-03-03 22:06:01 App is up to date.
2024-03-03 22:16:22 Loading updated app package /home/peque/.config/obsidian/obsidian-1.5.8.asar
2024-03-03 22:16:23 Checking for update using Github
2024-03-03 22:16:24 Success.
2024-03-03 22:16:24 Latest version is 1.5.8
2024-03-03 22:16:24 App is up to date.
2024-03-03 22:19:16 Loading updated app package /home/peque/.config/obsidian/obsidian-1.5.8.asar
2024-03-03 22:19:17 Checking for update using Github
2024-03-03 22:19:17 Success.
2024-03-03 22:19:17 Latest version is 1.5.8
2024-03-03 22:19:17 App is up to date.
2024-03-03 22:38:17 Loading updated app package /home/peque/.config/obsidian/obsidian-1.5.8.asar
2024-03-03 22:38:18 Checking for update using Github
2024-03-03 22:38:19 Success.
2024-03-03 22:38:19 Latest version is 1.5.8
2024-03-03 22:38:19 App is up to date.
2024-03-05 16:35:41 Loading updated app package /home/peque/.config/obsidian/obsidian-1.5.8.asar
2024-03-05 16:35:42 Checking for update using Github
2024-03-05 16:35:42 Success.
2024-03-05 16:35:42 Latest version is 1.5.8
2024-03-05 16:35:42 App is up to date.
2024-03-06 01:02:30 Loading updated app package /home/peque/.config/obsidian/obsidian-1.5.8.asar
2024-03-06 01:02:31 Checking for update using Github
2024-03-06 01:02:31 Success.
2024-03-06 01:02:31 Latest version is 1.5.8
2024-03-06 01:02:31 App is up to date.
2024-03-06 01:59:44 Loading updated app package /home/peque/.config/obsidian/obsidian-1.5.8.asar
2024-03-06 01:59:45 Checking for update using Github
2024-03-06 01:59:46 Success.
2024-03-06 01:59:46 Latest version is 1.5.8
2024-03-06 01:59:46 App is up to date.
2024-03-06 19:58:25 Loading updated app package /home/peque/.config/obsidian/obsidian-1.5.8.asar
2024-03-06 19:58:26 Checking for update using Github
2024-03-06 19:58:26 Success.
2024-03-06 19:58:26 Latest version is 1.5.8
2024-03-06 19:58:26 App is up to date.
2024-03-08 22:03:27 Loading updated app package /home/peque/.config/obsidian/obsidian-1.5.8.asar
2024-03-08 22:03:28 Checking for update using Github
2024-03-08 22:03:29 Success.
2024-03-08 22:03:29 Latest version is 1.5.8
2024-03-08 22:03:29 App is up to date.
2024-03-08 22:18:45 Loading updated app package /home/peque/.config/obsidian/obsidian-1.5.8.asar
2024-03-08 22:18:46 Checking for update using Github
2024-03-08 22:18:47 Success.
2024-03-08 22:18:47 Latest version is 1.5.8
2024-03-08 22:18:47 App is up to date.
2024-03-08 23:18:45 Checking for update using Github
2024-03-08 23:18:51 Success.
2024-03-08 23:18:51 Latest version is 1.5.8
2024-03-08 23:18:51 App is up to date.
2024-03-09 22:05:22 Loading updated app package /home/peque/.config/obsidian/obsidian-1.5.8.asar
2024-03-09 22:05:23 Checking for update using Github
2024-03-09 22:05:24 Success.
2024-03-09 22:05:24 Latest version is 1.5.8
2024-03-09 22:05:24 App is up to date.
2024-03-10 01:24:08 Loading updated app package /home/peque/.config/obsidian/obsidian-1.5.8.asar
2024-03-10 01:24:09 Checking for update using Github
2024-03-10 01:24:09 Success.
2024-03-10 01:24:09 Latest version is 1.5.8
2024-03-10 01:24:09 App is up to date.
2024-03-10 16:25:12 Loading updated app package /home/peque/.config/obsidian/obsidian-1.5.8.asar
2024-03-10 16:25:13 Checking for update using Github
2024-03-10 16:25:13 Success.
2024-03-10 16:25:13 Latest version is 1.5.8
2024-03-10 16:25:13 App is up to date.
2024-03-10 17:25:12 Checking for update using Github
2024-03-10 17:25:12 Success.
2024-03-10 17:25:12 Latest version is 1.5.8
2024-03-10 17:25:12 App is up to date.
2024-03-10 18:25:12 Checking for update using Github
2024-03-10 18:25:13 Success.
2024-03-10 18:25:13 Latest version is 1.5.8
2024-03-10 18:25:13 App is up to date.
2024-03-10 19:25:15 Checking for update using Github
2024-03-10 19:25:16 Success.
2024-03-10 19:25:16 Latest version is 1.5.8
2024-03-10 19:25:16 App is up to date.
2024-03-10 20:25:15 Checking for update using Github
2024-03-10 20:25:16 Success.
2024-03-10 20:25:16 Latest version is 1.5.8
2024-03-10 20:25:16 App is up to date.
2024-03-11 01:11:47 Loading updated app package /home/peque/.config/obsidian/obsidian-1.5.8.asar
2024-03-11 01:11:48 Checking for update using Github
2024-03-11 01:11:49 Success.
2024-03-11 01:11:49 Latest version is 1.5.8
2024-03-11 01:11:49 App is up to date.
2024-03-11 02:34:44 Loading updated app package /home/peque/.config/obsidian/obsidian-1.5.8.asar
2024-03-11 02:34:45 Checking for update using Github
2024-03-11 02:34:45 Success.
2024-03-11 02:34:45 Latest version is 1.5.8
2024-03-11 02:34:45 App is up to date.
2024-03-11 12:56:15 Loading updated app package /home/peque/.config/obsidian/obsidian-1.5.8.asar
2024-03-11 12:56:16 Checking for update using Github
2024-03-11 12:56:16 Success.
2024-03-11 12:56:16 Latest version is 1.5.8
2024-03-11 12:56:16 App is up to date.
2024-03-11 14:16:02 Loading updated app package /home/peque/.config/obsidian/obsidian-1.5.8.asar
2024-03-11 14:16:03 Checking for update using Github
2024-03-11 14:16:03 Success.
2024-03-11 14:16:03 Latest version is 1.5.8
2024-03-11 14:16:03 App is up to date.
2024-03-13 01:00:21 Loading updated app package /home/peque/.config/obsidian/obsidian-1.5.8.asar
2024-03-13 01:00:22 Checking for update using Github
2024-03-13 01:00:23 Success.
2024-03-13 01:00:23 Latest version is 1.5.8
2024-03-13 01:00:23 App is up to date.
2024-03-13 02:00:22 Checking for update using Github
2024-03-13 02:00:27 Success.
2024-03-13 02:00:27 Latest version is 1.5.8
2024-03-13 02:00:27 App is up to date.
2024-03-13 12:46:05 Loading updated app package /home/peque/.config/obsidian/obsidian-1.5.8.asar
2024-03-13 12:46:05 Checking for update using Github
2024-03-13 12:46:06 Success.
2024-03-13 12:46:06 Latest version is 1.5.8
2024-03-13 12:46:06 App is up to date.
2024-03-13 13:01:26 Checking for update using Github
2024-03-13 13:01:26 Success.
2024-03-13 13:01:26 Latest version is 1.5.8
2024-03-13 13:01:26 App is up to date.
2024-03-13 13:01:29 Checking for update using Github
2024-03-13 13:01:29 Success.
2024-03-13 13:01:29 Latest version is 1.5.8
2024-03-13 13:01:29 App is up to date.
2024-03-13 13:01:30 Checking for update using Github
2024-03-13 13:01:30 Success.
2024-03-13 13:01:30 Latest version is 1.5.8
2024-03-13 13:01:30 App is up to date.
2024-03-13 13:01:30 Checking for update using Github
2024-03-13 13:01:30 Success.
2024-03-13 13:01:30 Latest version is 1.5.8
2024-03-13 13:01:30 App is up to date.
2024-03-13 13:01:31 Checking for update using Github
2024-03-13 13:01:31 Success.
2024-03-13 13:01:31 Latest version is 1.5.8
2024-03-13 13:01:31 App is up to date.
2024-03-13 13:01:31 Checking for update using Github
2024-03-13 13:01:31 Success.
2024-03-13 13:01:31 Latest version is 1.5.8
2024-03-13 13:01:31 App is up to date.
2024-03-13 13:03:03 Loading updated app package /home/peque/.config/obsidian/obsidian-1.5.8.asar
2024-03-13 13:03:04 Checking for update using Github
2024-03-13 13:03:04 Success.
2024-03-13 13:03:04 Latest version is 1.5.8
2024-03-13 13:03:04 App is up to date.
2024-03-13 13:04:15 Loading updated app package /home/peque/.config/obsidian/obsidian-1.5.8.asar
2024-03-13 13:04:16 Checking for update using Github
2024-03-13 13:04:16 Success.
2024-03-13 13:04:16 Latest version is 1.5.8
2024-03-13 13:04:16 App is up to date.
2024-03-13 13:08:09 Loading updated app package /home/peque/.config/obsidian/obsidian-1.5.8.asar
2024-03-13 13:08:09 Checking for update using Github
2024-03-13 13:08:10 Success.
2024-03-13 13:08:10 Latest version is 1.5.8
2024-03-13 13:08:10 App is up to date.
2024-03-13 19:43:12 Loading updated app package /home/peque/.config/obsidian/obsidian-1.5.8.asar
2024-03-13 19:43:13 Checking for update using Github
2024-03-13 19:43:14 Success.
2024-03-13 19:43:14 Latest version is 1.5.8
2024-03-13 19:43:14 App is up to date.
2024-03-13 19:59:19 Loading updated app package /home/peque/.config/obsidian/obsidian-1.5.8.asar
2024-03-13 19:59:20 Checking for update using Github
2024-03-13 19:59:28 Success.
2024-03-13 19:59:28 Latest version is 1.5.8
2024-03-13 19:59:28 App is up to date.
2024-03-13 20:59:19 Checking for update using Github
2024-03-13 20:59:20 Success.
2024-03-13 20:59:20 Latest version is 1.5.8
2024-03-13 20:59:20 App is up to date.
2024-03-13 21:28:22 Loading updated app package /home/peque/.config/obsidian/obsidian-1.5.8.asar
2024-03-13 21:28:23 Checking for update using Github
2024-03-13 21:28:23 Success.
2024-03-13 21:28:23 Latest version is 1.5.8
2024-03-13 21:28:23 App is up to date.
2024-03-13 22:28:22 Checking for update using Github
2024-03-13 22:28:22 Success.
2024-03-13 22:28:22 Latest version is 1.5.8
2024-03-13 22:28:22 App is up to date.
2024-03-14 10:11:39 Loading updated app package /home/peque/.config/obsidian/obsidian-1.5.8.asar
2024-03-14 10:11:40 Checking for update using Github
2024-03-14 10:11:41 Success.
2024-03-14 10:11:41 Latest version is 1.5.8
2024-03-14 10:11:41 App is up to date.
2024-03-14 10:48:28 Loading updated app package /home/peque/.config/obsidian/obsidian-1.5.8.asar
2024-03-14 10:48:29 Checking for update using Github
2024-03-14 10:48:30 Success.
2024-03-14 10:48:30 Latest version is 1.5.8
2024-03-14 10:48:30 App is up to date.
2024-03-14 11:48:28 Checking for update using Github
2024-03-14 11:48:29 Success.
2024-03-14 11:48:29 Latest version is 1.5.8
2024-03-14 11:48:29 App is up to date.
2024-03-15 02:30:35 Loading updated app package /home/peque/.config/obsidian/obsidian-1.5.8.asar
2024-03-15 02:30:36 Checking for update using Github
2024-03-15 02:30:37 Success.
2024-03-15 02:30:37 Latest version is 1.5.8
2024-03-15 02:30:37 App is up to date.
2024-03-15 12:50:10 Loading updated app package /home/peque/.config/obsidian/obsidian-1.5.8.asar
2024-03-15 12:50:11 Checking for update using Github
2024-03-15 12:50:12 Success.
2024-03-15 12:50:12 Latest version is 1.5.8
2024-03-15 12:50:12 App is up to date.
2024-03-15 17:02:59 Loading updated app package /home/peque/.config/obsidian/obsidian-1.5.8.asar
2024-03-15 17:03:00 Checking for update using Github
2024-03-15 17:03:00 Success.
2024-03-15 17:03:00 Latest version is 1.5.8
2024-03-15 17:03:00 App is up to date.
2024-03-17 15:44:29 Loading updated app package /home/peque/.config/obsidian/obsidian-1.5.8.asar
2024-03-17 15:44:30 Checking for update using Github
2024-03-17 15:44:31 Success.
2024-03-17 15:44:31 Latest version is 1.5.8
2024-03-17 15:44:31 App is up to date.
2024-03-18 03:10:15 Loading updated app package /home/peque/.config/obsidian/obsidian-1.5.8.asar
2024-03-18 03:10:16 Checking for update using Github
2024-03-18 03:10:16 Success.
2024-03-18 03:10:16 Latest version is 1.5.8
2024-03-18 03:10:16 App is up to date.
2024-03-20 14:28:13 Loading updated app package /home/peque/.config/obsidian/obsidian-1.5.8.asar
2024-03-20 14:28:14 Checking for update using Github
2024-03-20 14:28:15 Success.
2024-03-20 14:28:15 Latest version is 1.5.11
2024-03-20 14:28:15 Downloading update from https://github.com/obsidianmd/obsidian-releases/releases/download/v1.5.11/obsidian-1.5.11.asar.gz
2024-03-20 14:28:29 Verifying hash & signature. Size= 8781777
2024-03-20 14:28:29 Saving file
2024-03-20 14:28:30 Update complete.
2024-03-20 14:41:38 Loading updated app package /home/peque/.config/obsidian/obsidian-1.5.11.asar
2024-03-20 14:41:39 Checking for update using Github
2024-03-20 14:41:39 Success.
2024-03-20 14:41:39 Latest version is 1.5.11
2024-03-20 14:41:39 App is up to date.
2024-03-20 16:11:16 Loading updated app package /home/peque/.config/obsidian/obsidian-1.5.11.asar
2024-03-20 16:11:16 Checking for update using Github
2024-03-20 16:11:17 Success.
2024-03-20 16:11:17 Latest version is 1.5.11
2024-03-20 16:11:17 App is up to date.
2024-03-20 17:11:16 Checking for update using Github
2024-03-20 17:11:19 Success.
2024-03-20 17:11:19 Latest version is 1.5.11
2024-03-20 17:11:19 App is up to date.
2024-03-21 15:14:10 Loading updated app package /home/peque/.config/obsidian/obsidian-1.5.11.asar
2024-03-21 15:14:10 Checking for update using Github
2024-03-21 15:14:11 Success.
2024-03-21 15:14:11 Latest version is 1.5.11
2024-03-21 15:14:11 App is up to date.
2024-03-22 11:20:24 Loading updated app package /home/peque/.config/obsidian/obsidian-1.5.11.asar
2024-03-22 11:20:25 Checking for update using Github
2024-03-22 11:20:25 Success.
2024-03-22 11:20:25 Latest version is 1.5.11
2024-03-22 11:20:25 App is up to date.
2024-03-22 12:20:24 Checking for update using Github
2024-03-22 12:20:24 Success.
2024-03-22 12:20:24 Latest version is 1.5.11
2024-03-22 12:20:24 App is up to date.
2024-03-22 13:20:24 Checking for update using Github
2024-03-22 13:20:25 Success.
2024-03-22 13:20:25 Latest version is 1.5.11
2024-03-22 13:20:25 App is up to date.
2024-03-22 14:20:24 Checking for update using Github
2024-03-22 14:20:24 Success.
2024-03-22 14:20:24 Latest version is 1.5.11
2024-03-22 14:20:24 App is up to date.
2024-03-22 15:20:24 Checking for update using Github
2024-03-22 15:20:24 Success.
2024-03-22 15:20:24 Latest version is 1.5.11
2024-03-22 15:20:24 App is up to date.
2024-03-22 15:42:38 Loading updated app package /home/peque/.config/obsidian/obsidian-1.5.11.asar
2024-03-22 15:42:39 Checking for update using Github
2024-03-22 15:42:44 Success.
2024-03-22 15:42:44 Latest version is 1.5.11
2024-03-22 15:42:44 App is up to date.
2024-03-22 15:43:08 Loading updated app package /home/peque/.config/obsidian/obsidian-1.5.11.asar
2024-03-22 15:43:08 Checking for update using Github
2024-03-22 15:43:09 Success.
2024-03-22 15:43:09 Latest version is 1.5.11
2024-03-22 15:43:09 App is up to date.
2024-03-22 16:43:08 Checking for update using Github
2024-03-22 16:43:08 Success.
2024-03-22 16:43:08 Latest version is 1.5.11
2024-03-22 16:43:08 App is up to date.
2024-03-22 17:43:08 Checking for update using Github
2024-03-22 17:43:08 Success.
2024-03-22 17:43:08 Latest version is 1.5.11
2024-03-22 17:43:08 App is up to date.
2024-03-22 18:43:08 Checking for update using Github
2024-03-22 18:43:08 Success.
2024-03-22 18:43:08 Latest version is 1.5.11
2024-03-22 18:43:08 App is up to date.
2024-03-22 19:43:08 Checking for update using Github
2024-03-22 19:43:09 Success.
2024-03-22 19:43:09 Latest version is 1.5.11
2024-03-22 19:43:09 App is up to date.
2024-03-22 20:14:01 Loading updated app package /home/peque/.config/obsidian/obsidian-1.5.11.asar
2024-03-22 20:14:02 Checking for update using Github
2024-03-22 20:14:02 Success.
2024-03-22 20:14:02 Latest version is 1.5.11
2024-03-22 20:14:02 App is up to date.
2024-03-22 22:15:07 Loading updated app package /home/peque/.config/obsidian/obsidian-1.5.11.asar
2024-03-22 22:15:08 Checking for update using Github
2024-03-22 22:15:09 Success.
2024-03-22 22:15:09 Latest version is 1.5.11
2024-03-22 22:15:09 App is up to date.
2024-03-23 00:09:30 Loading updated app package /home/peque/.config/obsidian/obsidian-1.5.11.asar
2024-03-23 00:09:30 Checking for update using Github
2024-03-23 00:09:31 Success.
2024-03-23 00:09:31 Latest version is 1.5.11
2024-03-23 00:09:31 App is up to date.
2024-03-23 00:43:36 Loading updated app package /home/peque/.config/obsidian/obsidian-1.5.11.asar
2024-03-23 00:43:37 Checking for update using Github
2024-03-23 00:43:38 Success.
2024-03-23 00:43:38 Latest version is 1.5.11
2024-03-23 00:43:38 App is up to date.
2024-03-23 01:43:36 Checking for update using Github
2024-03-23 01:43:42 Success.
2024-03-23 01:43:42 Latest version is 1.5.11
2024-03-23 01:43:42 App is up to date.
2024-03-23 11:45:48 Loading updated app package /home/peque/.config/obsidian/obsidian-1.5.11.asar
2024-03-23 11:45:49 Checking for update using Github
2024-03-23 11:45:50 Success.
2024-03-23 11:45:50 Latest version is 1.5.11
2024-03-23 11:45:50 App is up to date.
2024-03-23 12:27:48 Loading updated app package /home/peque/.config/obsidian/obsidian-1.5.11.asar
2024-03-23 12:27:49 Checking for update using Github
2024-03-23 12:27:49 Success.
2024-03-23 12:27:49 Latest version is 1.5.11
2024-03-23 12:27:49 App is up to date.
2024-03-23 13:27:48 Checking for update using Github
2024-03-23 13:27:48 Success.
2024-03-23 13:27:48 Latest version is 1.5.11
2024-03-23 13:27:48 App is up to date.
2024-03-23 21:02:24 Loading updated app package /home/peque/.config/obsidian/obsidian-1.5.11.asar
2024-03-23 21:02:25 Checking for update using Github
2024-03-23 21:02:25 Success.
2024-03-23 21:02:25 Latest version is 1.5.11
2024-03-23 21:02:25 App is up to date.
2024-03-26 02:48:56 Loading updated app package /home/peque/.config/obsidian/obsidian-1.5.11.asar
2024-03-26 02:48:57 Checking for update using Github
2024-03-26 02:48:57 Success.
2024-03-26 02:48:57 Latest version is 1.5.11
2024-03-26 02:48:57 App is up to date.
2024-03-27 00:39:26 Loading updated app package /home/peque/.config/obsidian/obsidian-1.5.11.asar
2024-03-27 00:39:27 Checking for update using Github
2024-03-27 00:39:27 Success.
2024-03-27 00:39:27 Latest version is 1.5.11
2024-03-27 00:39:27 App is up to date.
2024-03-29 01:34:09 Loading updated app package /home/peque/.config/obsidian/obsidian-1.5.11.asar
2024-03-29 01:34:09 Checking for update using Github
2024-03-29 01:34:10 Success.
2024-03-29 01:34:10 Latest version is 1.5.11
2024-03-29 01:34:10 App is up to date.
2024-03-29 21:15:19 Loading updated app package /home/peque/.config/obsidian/obsidian-1.5.11.asar
2024-03-29 21:15:20 Checking for update using Github
2024-03-29 21:15:20 Success.
2024-03-29 21:15:20 Latest version is 1.5.11
2024-03-29 21:15:20 App is up to date.
2024-04-01 01:03:20 Loading updated app package /home/peque/.config/obsidian/obsidian-1.5.11.asar
2024-04-01 01:03:21 Checking for update using Github
2024-04-01 01:03:22 Success.
2024-04-01 01:03:22 Latest version is 1.5.11
2024-04-01 01:03:22 App is up to date.
2024-04-01 02:26:19 Loading updated app package /home/peque/.config/obsidian/obsidian-1.5.11.asar
2024-04-01 02:26:20 Checking for update using Github
2024-04-01 02:26:21 Success.
2024-04-01 02:26:21 Latest version is 1.5.11
2024-04-01 02:26:21 App is up to date.
